android/app/build/intermediates/manifest_merge_blame_file/debug/manifest-merger-blame-debug-report.txt
1<?xml version="1.0" encoding="utf-8"?>
2<manifest xmlns:android="http://schemas.android.com/apk/res/android"
3    package="com.tmdb"
4    android:versionCode="1"
5    android:versionName="1.0" >
6
7    <uses-sdk
8        android:minSdkVersion="21"
9        android:targetSdkVersion="29" />
10
11    <uses-permission android:name="android.permission.SYSTEM_ALERT_WINDOW" />
11-->src/main/AndroidManifest.xml:4:3-75
11-->src/main/AndroidManifest.xml:4:20-73
12    <uses-permission android:name="android.permission.INTERNET" />
12-->src/main/AndroidManifest.xml:2:3-64
12-->src/main/AndroidManifest.xml:2:20-62
13    <uses-permission android:name="android.permission.READ_PHONE_STATE" />
13-->src/main/AndroidManifest.xml:5:3-72
13-->src/main/AndroidManifest.xml:5:20-70
14    <uses-permission android:name="android.permission.USE_FINGERPRINT" />
14-->src/main/AndroidManifest.xml:6:3-71
14-->src/main/AndroidManifest.xml:6:20-69
15    <uses-permission android:name="android.permission.USE_BIOMETRIC" />
15-->src/main/AndroidManifest.xml:7:3-69
15-->src/main/AndroidManifest.xml:7:20-67
16    <uses-permission android:name="android.permission.VIBRATE" />
16-->src/main/AndroidManifest.xml:8:3-63
16-->src/main/AndroidManifest.xml:8:20-61
17    <uses-permission android:name="android.permission.MODIFY_AUDIO_SETTINGS" /> <!-- These require runtime permissions on M -->
17-->src/main/AndroidManifest.xml:9:3-77
17-->src/main/AndroidManifest.xml:9:20-75
18    <uses-permission android:name="android.permission.ACCESS_COARSE_LOCATION" />
18-->src/main/AndroidManifest.xml:11:3-78
18-->src/main/AndroidManifest.xml:11:20-76
19    <uses-permission android:name="android.permission.ACCESS_FINE_LOCATION" />
19-->src/main/AndroidManifest.xml:12:3-76
19-->src/main/AndroidManifest.xml:12:20-74
20    <uses-permission android:name="android.permission.ACCESS_BACKGROUND_LOCATION" />
20-->src/main/AndroidManifest.xml:13:3-82
20-->src/main/AndroidManifest.xml:13:20-80
21    <uses-permission android:name="android.permission.CAMERA" />
21-->src/main/AndroidManifest.xml:14:3-62
21-->src/main/AndroidManifest.xml:14:20-60
22    <uses-permission android:name="android.permission.RECORD_AUDIO" />
22-->src/main/AndroidManifest.xml:15:3-68
22-->src/main/AndroidManifest.xml:15:20-66
23    <uses-permission android:name="android.permission.READ_CONTACTS" />
23-->src/main/AndroidManifest.xml:16:3-69
23-->src/main/AndroidManifest.xml:16:20-67
24    <uses-permission android:name="android.permission.WRITE_CONTACTS" />
24-->src/main/AndroidManifest.xml:17:3-70
24-->src/main/AndroidManifest.xml:17:20-68
25    <uses-permission android:name="android.permission.READ_CALENDAR" />
25-->src/main/AndroidManifest.xml:18:3-69
25-->src/main/AndroidManifest.xml:18:20-67
26    <uses-permission android:name="android.permission.WRITE_CALENDAR" />
26-->src/main/AndroidManifest.xml:19:3-70
26-->src/main/AndroidManifest.xml:19:20-68
27    <uses-permission android:name="android.permission.READ_EXTERNAL_STORAGE" />
27-->src/main/AndroidManifest.xml:20:3-77
27-->src/main/AndroidManifest.xml:20:20-75
28    <uses-permission android:name="android.permission.WRITE_EXTERNAL_STORAGE" />
28-->src/main/AndroidManifest.xml:21:3-78
28-->src/main/AndroidManifest.xml:21:20-76
29    <uses-permission android:name="android.permission.WRITE_SETTINGS" />
29-->src/main/AndroidManifest.xml:22:3-70
29-->src/main/AndroidManifest.xml:22:20-68
30    <uses-permission android:name="android.permission.ACCESS_WIFI_STATE" />
30-->[com.facebook.flipper:flipper:0.54.0] AndroidManifest.xml:16:5-76
30-->[com.facebook.flipper:flipper:0.54.0] AndroidManifest.xml:16:22-73
31    <uses-permission android:name="android.permission.ACCESS_NETWORK_STATE" />
31-->[:expo-updates] AndroidManifest.xml:11:5-79
31-->[:expo-updates] AndroidManifest.xml:11:22-76
32    <uses-permission android:name="android.permission.FOREGROUND_SERVICE" />
32-->[:expo-location] AndroidManifest.xml:13:5-77
32-->[:expo-location] AndroidManifest.xml:13:22-74
33    <uses-permission android:name="com.google.android.finsky.permission.BIND_GET_INSTALL_REFERRER_SERVICE" />
33-->[com.android.installreferrer:installreferrer:1.0] AndroidManifest.xml:9:5-110
33-->[com.android.installreferrer:installreferrer:1.0] AndroidManifest.xml:9:22-107
34    <uses-permission android:name="com.google.android.providers.gsf.permission.READ_GSERVICES" />
34-->[io.nlopez.smartlocation:library:3.2.11] AndroidManifest.xml:15:5-98
34-->[io.nlopez.smartlocation:library:3.2.11] AndroidManifest.xml:15:22-95
35    <uses-permission android:name="com.google.android.gms.permission.ACTIVITY_RECOGNITION" />
35-->[io.nlopez.smartlocation:library:3.2.11] AndroidManifest.xml:16:5-94
35-->[io.nlopez.smartlocation:library:3.2.11] AndroidManifest.xml:16:22-91
36
37    <application
37-->src/main/AndroidManifest.xml:24:3-48:17
38        android:name="com.tmdb.MainApplication"
38-->src/main/AndroidManifest.xml:25:5-36
39        android:allowBackup="false"
39-->src/main/AndroidManifest.xml:29:5-32
40        android:appComponentFactory="androidx.core.app.CoreComponentFactory"
40-->[androidx.core:core:1.3.0] AndroidManifest.xml:24:18-86
41        android:debuggable="true"
42        android:icon="@mipmap/ic_launcher"
42-->src/main/AndroidManifest.xml:27:5-39
43        android:label="@string/app_name"
43-->src/main/AndroidManifest.xml:26:5-37
44        android:roundIcon="@mipmap/ic_launcher_round"
44-->src/main/AndroidManifest.xml:28:5-50
45        android:testOnly="true"
46        android:theme="@style/AppTheme"
46-->src/main/AndroidManifest.xml:30:5-36
47        android:usesCleartextTraffic="true" >
47-->src/debug/AndroidManifest.xml:6:18-53
48        <meta-data
48-->src/main/AndroidManifest.xml:32:5-103
49            android:name="expo.modules.updates.EXPO_UPDATE_URL"
49-->src/main/AndroidManifest.xml:32:16-67
50            android:value="YOUR-APP-URL-HERE" />
50-->src/main/AndroidManifest.xml:32:68-101
51        <meta-data
51-->src/main/AndroidManifest.xml:33:5-112
52            android:name="expo.modules.updates.EXPO_SDK_VERSION"
52-->src/main/AndroidManifest.xml:33:16-68
53            android:value="YOUR-APP-SDK-VERSION-HERE" />
53-->src/main/AndroidManifest.xml:33:69-110
54
55        <activity
55-->src/main/AndroidManifest.xml:34:5-46:16
56            android:name="com.tmdb.MainActivity"
56-->src/main/AndroidManifest.xml:35:7-35
57            android:configChanges="keyboard|keyboardHidden|orientation|screenSize|uiMode"
57-->src/main/AndroidManifest.xml:37:7-84
58            android:label="@string/app_name"
58-->src/main/AndroidManifest.xml:36:7-39
59            android:launchMode="singleTask"
59-->src/main/AndroidManifest.xml:38:7-38
60            android:theme="@style/Theme.App.SplashScreen"
60-->src/main/AndroidManifest.xml:40:7-52
61            android:windowSoftInputMode="adjustResize" >
61-->src/main/AndroidManifest.xml:39:7-49
62            <intent-filter>
62-->src/main/AndroidManifest.xml:42:7-45:23
63                <action android:name="android.intent.action.MAIN" />
63-->src/main/AndroidManifest.xml:43:9-60
63-->src/main/AndroidManifest.xml:43:17-58
64
65                <category android:name="android.intent.category.LAUNCHER" />
65-->src/main/AndroidManifest.xml:44:9-68
65-->src/main/AndroidManifest.xml:44:19-66
66            </intent-filter>
67        </activity>
68        <activity android:name="com.facebook.react.devsupport.DevSettingsActivity" />
68-->src/main/AndroidManifest.xml:47:5-81
68-->src/main/AndroidManifest.xml:47:15-79
69
70        <meta-data
70-->[:unimodules-react-native-adapter] AndroidManifest.xml:12:9-14:91
71            android:name="org.unimodules.core.AppLoader#react-native-headless"
71-->[:unimodules-react-native-adapter] AndroidManifest.xml:13:13-79
72            android:value="org.unimodules.adapters.react.apploader.RNHeadlessAppLoader" />
72-->[:unimodules-react-native-adapter] AndroidManifest.xml:14:13-88
73
74        <provider
74-->[:expo-file-system] AndroidManifest.xml:17:9-26:20
75            android:name="expo.modules.filesystem.FileSystemFileProvider"
75-->[:expo-file-system] AndroidManifest.xml:18:13-74
76            android:authorities="com.tmdb.FileSystemFileProvider"
76-->[:expo-file-system] AndroidManifest.xml:19:13-74
77            android:exported="false"
77-->[:expo-file-system] AndroidManifest.xml:20:13-37
78            android:grantUriPermissions="true" >
78-->[:expo-file-system] AndroidManifest.xml:21:13-47
79            <meta-data
79-->[:expo-file-system] AndroidManifest.xml:23:13-25:70
80                android:name="android.support.FILE_PROVIDER_PATHS"
80-->[:expo-file-system] AndroidManifest.xml:24:17-67
81                android:resource="@xml/file_system_provider_paths" />
81-->[:expo-file-system] AndroidManifest.xml:25:17-67
82        </provider>
83
84        <service
84-->[:expo-location] AndroidManifest.xml:16:9-18:40
85            android:name="expo.modules.location.services.LocationTaskService"
85-->[:expo-location] AndroidManifest.xml:17:13-78
86            android:exported="false" />
86-->[:expo-location] AndroidManifest.xml:18:13-37
87
88        <activity
88-->[com.google.android.gms:play-services-base:16.0.1] AndroidManifest.xml:23:9-26:75
89            android:name="com.google.android.gms.common.api.GoogleApiActivity"
89-->[com.google.android.gms:play-services-base:16.0.1] AndroidManifest.xml:24:13-79
90            android:exported="false"
90-->[com.google.android.gms:play-services-base:16.0.1] AndroidManifest.xml:25:13-37
91            android:theme="@android:style/Theme.Translucent.NoTitleBar" />
91-->[com.google.android.gms:play-services-base:16.0.1] AndroidManifest.xml:26:13-72
92
93        <meta-data
93-->[com.google.android.gms:play-services-basement:16.0.1] AndroidManifest.xml:23:9-25:69
94            android:name="com.google.android.gms.version"
94-->[com.google.android.gms:play-services-basement:16.0.1] AndroidManifest.xml:24:13-58
95            android:value="@integer/google_play_services_version" />
95-->[com.google.android.gms:play-services-basement:16.0.1] AndroidManifest.xml:25:13-66
96
97        <service
97-->[androidx.room:room-runtime:2.1.0] AndroidManifest.xml:25:9-27:40
98            android:name="androidx.room.MultiInstanceInvalidationService"
98-->[androidx.room:room-runtime:2.1.0] AndroidManifest.xml:26:13-74
99            android:exported="false" />
99-->[androidx.room:room-runtime:2.1.0] AndroidManifest.xml:27:13-37
100        <service
100-->[io.nlopez.smartlocation:library:3.2.11] AndroidManifest.xml:19:9-21:40
101            android:name="io.nlopez.smartlocation.activity.providers.ActivityGooglePlayServicesProvider$ActivityRecognitionService"
101-->[io.nlopez.smartlocation:library:3.2.11] AndroidManifest.xml:20:13-132
102            android:exported="false" />
102-->[io.nlopez.smartlocation:library:3.2.11] AndroidManifest.xml:21:13-37
103        <service
103-->[io.nlopez.smartlocation:library:3.2.11] AndroidManifest.xml:22:9-24:40
104            android:name="io.nlopez.smartlocation.geofencing.providers.GeofencingGooglePlayServicesProvider$GeofencingService"
104-->[io.nlopez.smartlocation:library:3.2.11] AndroidManifest.xml:23:13-127
105            android:exported="false" />
105-->[io.nlopez.smartlocation:library:3.2.11] AndroidManifest.xml:24:13-37
106        <service
106-->[io.nlopez.smartlocation:library:3.2.11] AndroidManifest.xml:25:9-27:40
107            android:name="io.nlopez.smartlocation.geocoding.providers.AndroidGeocodingProvider$AndroidGeocodingService"
107-->[io.nlopez.smartlocation:library:3.2.11] AndroidManifest.xml:26:13-120
108            android:exported="false" />
108-->[io.nlopez.smartlocation:library:3.2.11] AndroidManifest.xml:27:13-37
109    </application>
110
111</manifest>